--- starting [gen_xml_rankings] at [Thu May  8 16:54:33 2008] ---
doing stuff
doing more stuff
--- stopped [gen_xml_rankings] at [Thu May  8 16:54:33 2008] with return [0] ---
--- starting [gen_xml_rankings] at [Thu May  8 17:10:46 2008] ---
/Library/Frameworks/Python.framework/Versions/2.4/Resources/Python.app/Contents/MacOS/Python: can't open file 'gen_rankings.py': [Errno 2] No such file or directory
--- stopped [gen_xml_rankings] at [Thu May  8 17:10:46 2008] with return [2] ---
--- starting [gen_xml_rankings] at [Thu May  8 17:11:32 2008] ---
db	: attempting connect via [pg] to host [localhost], database [tacops]
db	: query [SELECT * FROM participant_results;]
--- stopped [gen_xml_rankings] at [Thu May  8 17:11:33 2008] with return [0] ---
--- starting [gen_xml_rankings] at [Thu May  8 17:17:21 2008] ---
db	: attempting connect via [pg] to host [localhost], database [tacops]
db	: query [SELECT * FROM participant_results;]
--- stopped [gen_xml_rankings] at [Thu May  8 17:17:21 2008] with return [0] ---
--- starting [gen_xml_rankings] at [Thu May  8 17:21:59 2008] ---
db	: attempting connect via [pg] to host [localhost], database [tacops]
db	: query [SELECT * FROM participant_results;]
--- stopped [gen_xml_rankings] at [Thu May  8 17:21:59 2008] with return [0] ---
--- starting [gen_xml_rankings] at [Thu May  8 17:28:38 2008] ---
db	: attempting connect via [pg] to host [localhost], database [tacops]
db	: query [SELECT * FROM participant_results;]
--- stopped [gen_xml_rankings] at [Thu May  8 17:28:39 2008] with return [0] ---
--- starting [gen_xml_rankings] at [Thu May  8 17:30:02 2008] ---
db	: attempting connect via [pg] to host [localhost], database [tacops]
db	: query [SELECT * FROM participant_results;]
--- stopped [gen_xml_rankings] at [Thu May  8 17:30:02 2008] with return [0] ---
--- starting [gen_xml_rankings] at [Thu May  8 17:32:35 2008] ---
db	: attempting connect via [pg] to host [localhost], database [tacops]
db	: query [SELECT * FROM participant_results;]
--- stopped [gen_xml_rankings] at [Thu May  8 17:32:36 2008] with return [0] ---
--- starting [gen_xml_rankings] at [Thu May  8 19:44:47 2008] ---
db	: attempting connect via [pg] to host [localhost], database [tacops]
db	: query [SELECT * FROM participant_results;]
--- starting [gen_xml_rankings] at [Thu May  8 19:45:20 2008] ---
db	: attempting connect via [pg] to host [localhost], database [tacops]
db	: query [SELECT * FROM participant_results;]
--- stopped [gen_xml_rankings] at [Thu May  8 19:45:21 2008] with return [0] ---
--- starting [gen_xml_rankings] at [Thu May  8 19:47:16 2008] ---
db	: attempting connect via [pg] to host [localhost], database [tacops]
db	: query [SELECT * FROM participant_results;]
--- stopped [gen_xml_rankings] at [Thu May  8 19:47:17 2008] with return [0] ---
--- starting [gen_xml_rankings] at [Thu May  8 19:49:15 2008] ---
db	: attempting connect via [pg] to host [localhost], database [tacops]
db	: query [SELECT * FROM participant_results;]
--- stopped [gen_xml_rankings] at [Thu May  8 19:49:16 2008] with return [0] ---
--- starting [gen_xml_rankings] at [22:57:42] ---
db	: attempting connect via [pg] to host [localhost], database [tacops]
db	: query [SELECT * FROM participant_results;]
--- stopped [gen_xml_rankings] at [Thu May  8 22:57:43 2008] with return [0] ---
--- starting [gen_xml_rankings] at [23:54:57] ---
db	: attempting connect via [pg] to host [localhost], database [tacops]
db	: query [SELECT * FROM participant_results;]
--- stopped [gen_xml_rankings] at [Thu May  8 23:54:59 2008] with return [0] ---
--- starting [gen_xml_rankings] at [02:22:02] ---
db	: attempting connect via [pg] to host [localhost], database [tacops]
db	: query [SELECT * FROM participant_results;]
--- stopped [gen_xml_rankings] at [Fri May  9 02:22:03 2008] with return [0] ---
--- starting [gen_xml_rankings] at [02:23:04] ---
db	: attempting connect via [pg] to host [localhost], database [tacops]
db	: query [SELECT * FROM participant_results;]
--- stopped [gen_xml_rankings] at [Fri May  9 02:23:05 2008] with return [0] ---
--- starting [gen_xml_rankings] at [02:24:06] ---
db	: attempting connect via [pg] to host [localhost], database [tacops]
db	: query [SELECT * FROM participant_results;]
--- stopped [gen_xml_rankings] at [Fri May  9 02:24:07 2008] with return [0] ---
--- starting [gen_xml_rankings] at [02:25:07] ---
db	: attempting connect via [pg] to host [localhost], database [tacops]
db	: query [SELECT * FROM participant_results;]
--- stopped [gen_xml_rankings] at [Fri May  9 02:25:09 2008] with return [0] ---
--- starting [gen_xml_rankings] at [02:26:08] ---
db	: attempting connect via [pg] to host [localhost], database [tacops]
db	: query [SELECT * FROM participant_results;]
--- stopped [gen_xml_rankings] at [Fri May  9 02:26:10 2008] with return [0] ---
--- starting [gen_xml_rankings] at [02:27:09] ---
db	: attempting connect via [pg] to host [localhost], database [tacops]
db	: query [SELECT * FROM participant_results;]
--- stopped [gen_xml_rankings] at [Fri May  9 02:27:11 2008] with return [0] ---
--- starting [gen_xml_rankings] at [02:28:10] ---
db	: attempting connect via [pg] to host [localhost], database [tacops]
db	: query [SELECT * FROM participant_results;]
--- stopped [gen_xml_rankings] at [Fri May  9 02:28:12 2008] with return [0] ---
--- starting [gen_xml_rankings] at [02:29:11] ---
db	: attempting connect via [pg] to host [localhost], database [tacops]
db	: query [SELECT * FROM participant_results;]
--- stopped [gen_xml_rankings] at [Fri May  9 02:29:13 2008] with return [0] ---
--- starting [gen_xml_rankings] at [02:30:12] ---
db	: attempting connect via [pg] to host [localhost], database [tacops]
db	: query [SELECT * FROM participant_results;]
--- stopped [gen_xml_rankings] at [Fri May  9 02:30:14 2008] with return [0] ---
--- starting [gen_xml_rankings] at [02:31:13] ---
db	: attempting connect via [pg] to host [localhost], database [tacops]
db	: query [SELECT * FROM participant_results;]
--- stopped [gen_xml_rankings] at [Fri May  9 02:31:15 2008] with return [0] ---
--- starting [gen_xml_rankings] at [02:32:15] ---
db	: attempting connect via [pg] to host [localhost], database [tacops]
db	: query [SELECT * FROM participant_results;]
--- stopped [gen_xml_rankings] at [Fri May  9 02:32:17 2008] with return [0] ---
--- starting [gen_xml_rankings] at [02:33:17] ---
db	: attempting connect via [pg] to host [localhost], database [tacops]
db	: query [SELECT * FROM participant_results;]
--- stopped [gen_xml_rankings] at [Fri May  9 02:33:19 2008] with return [0] ---
--- starting [gen_xml_rankings] at [02:34:19] ---
db	: attempting connect via [pg] to host [localhost], database [tacops]
db	: query [SELECT * FROM participant_results;]
--- stopped [gen_xml_rankings] at [Fri May  9 02:34:20 2008] with return [0] ---
--- starting [gen_xml_rankings] at [02:35:20] ---
db	: attempting connect via [pg] to host [localhost], database [tacops]
db	: query [SELECT * FROM participant_results;]
--- stopped [gen_xml_rankings] at [Fri May  9 02:35:22 2008] with return [0] ---
--- starting [gen_xml_rankings] at [02:36:21] ---
db	: attempting connect via [pg] to host [localhost], database [tacops]
db	: query [SELECT * FROM participant_results;]
--- stopped [gen_xml_rankings] at [Fri May  9 02:36:22 2008] with return [0] ---
--- starting [gen_xml_rankings] at [02:37:22] ---
db	: attempting connect via [pg] to host [localhost], database [tacops]
db	: query [SELECT * FROM participant_results;]
--- stopped [gen_xml_rankings] at [Fri May  9 02:37:25 2008] with return [0] ---
--- starting [gen_xml_rankings] at [02:38:24] ---
db	: attempting connect via [pg] to host [localhost], database [tacops]
db	: query [SELECT * FROM participant_results;]
--- stopped [gen_xml_rankings] at [Fri May  9 02:38:25 2008] with return [0] ---
--- starting [gen_xml_rankings] at [02:39:25] ---
db	: attempting connect via [pg] to host [localhost], database [tacops]
db	: query [SELECT * FROM participant_results;]
--- stopped [gen_xml_rankings] at [Fri May  9 02:39:26 2008] with return [0] ---
--- starting [gen_xml_rankings] at [02:40:26] ---
db	: attempting connect via [pg] to host [localhost], database [tacops]
db	: query [SELECT * FROM participant_results;]
--- stopped [gen_xml_rankings] at [Fri May  9 02:40:27 2008] with return [0] ---
--- starting [gen_xml_rankings] at [02:41:28] ---
db	: attempting connect via [pg] to host [localhost], database [tacops]
db	: query [SELECT * FROM participant_results;]
--- stopped [gen_xml_rankings] at [Fri May  9 02:41:29 2008] with return [0] ---
--- starting [gen_xml_rankings] at [02:42:30] ---
db	: attempting connect via [pg] to host [localhost], database [tacops]
db	: query [SELECT * FROM participant_results;]
--- stopped [gen_xml_rankings] at [Fri May  9 02:42:31 2008] with return [0] ---
--- starting [gen_xml_rankings] at [02:43:31] ---
db	: attempting connect via [pg] to host [localhost], database [tacops]
db	: query [SELECT * FROM participant_results;]
--- stopped [gen_xml_rankings] at [Fri May  9 02:43:32 2008] with return [0] ---
--- starting [gen_xml_rankings] at [02:44:32] ---
db	: attempting connect via [pg] to host [localhost], database [tacops]
db	: query [SELECT * FROM participant_results;]
--- stopped [gen_xml_rankings] at [Fri May  9 02:44:33 2008] with return [0] ---
--- starting [gen_xml_rankings] at [02:45:33] ---
db	: attempting connect via [pg] to host [localhost], database [tacops]
db	: query [SELECT * FROM participant_results;]
--- stopped [gen_xml_rankings] at [Fri May  9 02:45:34 2008] with return [0] ---
--- starting [gen_xml_rankings] at [02:46:35] ---
db	: attempting connect via [pg] to host [localhost], database [tacops]
db	: query [SELECT * FROM participant_results;]
--- stopped [gen_xml_rankings] at [Fri May  9 02:46:36 2008] with return [0] ---
--- starting [gen_xml_rankings] at [02:47:36] ---
db	: attempting connect via [pg] to host [localhost], database [tacops]
db	: query [SELECT * FROM participant_results;]
--- stopped [gen_xml_rankings] at [Fri May  9 02:47:37 2008] with return [0] ---
--- starting [gen_xml_rankings] at [02:48:37] ---
db	: attempting connect via [pg] to host [localhost], database [tacops]
db	: query [SELECT * FROM participant_results;]
--- stopped [gen_xml_rankings] at [Fri May  9 02:48:39 2008] with return [0] ---
--- starting [gen_xml_rankings] at [02:49:38] ---
db	: attempting connect via [pg] to host [localhost], database [tacops]
db	: query [SELECT * FROM participant_results;]
--- stopped [gen_xml_rankings] at [Fri May  9 02:49:39 2008] with return [0] ---
--- starting [gen_xml_rankings] at [02:50:40] ---
db	: attempting connect via [pg] to host [localhost], database [tacops]
db	: query [SELECT * FROM participant_results;]
--- stopped [gen_xml_rankings] at [Fri May  9 02:50:41 2008] with return [0] ---
--- starting [gen_xml_rankings] at [02:51:41] ---
db	: attempting connect via [pg] to host [localhost], database [tacops]
db	: query [SELECT * FROM participant_results;]
--- stopped [gen_xml_rankings] at [Fri May  9 02:51:42 2008] with return [0] ---
--- starting [gen_xml_rankings] at [02:52:43] ---
db	: attempting connect via [pg] to host [localhost], database [tacops]
db	: query [SELECT * FROM participant_results;]
--- stopped [gen_xml_rankings] at [Fri May  9 02:52:44 2008] with return [0] ---
--- starting [gen_xml_rankings] at [03:24:38] ---
db	: attempting connect via [pg] to host [localhost], database [tacops]
db	: query [SELECT * FROM participant_results;]
--- stopped [gen_xml_rankings] at [Fri May  9 03:24:40 2008] with return [0] ---
--- starting [gen_xml_rankings] at [03:25:40] ---
db	: attempting connect via [pg] to host [localhost], database [tacops]
db	: query [SELECT * FROM participant_results;]
--- stopped [gen_xml_rankings] at [Fri May  9 03:25:42 2008] with return [0] ---
--- starting [gen_xml_rankings] at [03:26:41] ---
db	: attempting connect via [pg] to host [localhost], database [tacops]
db	: query [SELECT * FROM participant_results;]
--- stopped [gen_xml_rankings] at [Fri May  9 03:26:43 2008] with return [0] ---
--- starting [gen_xml_rankings] at [03:27:42] ---
db	: attempting connect via [pg] to host [localhost], database [tacops]
db	: query [SELECT * FROM participant_results;]
--- stopped [gen_xml_rankings] at [Fri May  9 03:27:45 2008] with return [0] ---
--- starting [gen_xml_rankings] at [03:28:45] ---
db	: attempting connect via [pg] to host [localhost], database [tacops]
db	: query [SELECT * FROM participant_results;]
--- stopped [gen_xml_rankings] at [Fri May  9 03:28:47 2008] with return [0] ---
--- starting [gen_xml_rankings] at [16:32:18] ---
db	: attempting connect via [pg] to host [localhost], database [tacops]
db	: query [SELECT * FROM participant_results;]
--- stopped [gen_xml_rankings] at [Fri May  9 16:32:20 2008] with return [0] ---
--- starting [gen_xml_rankings] at [17:42:24] ---
db	: attempting connect via [pg] to host [localhost], database [tacops]
db	: query [SELECT * FROM participant_results;]
--- stopped [gen_xml_rankings] at [Fri May  9 17:42:28 2008] with return [0] ---
--- starting [gen_xml_rankings] at [17:42:30] ---
db	: attempting connect via [pg] to host [localhost], database [tacops]
db	: query [SELECT * FROM participant_results;]
--- stopped [gen_xml_rankings] at [Fri May  9 17:42:33 2008] with return [0] ---
--- starting [gen_xml_rankings] at [17:42:36] ---
db	: attempting connect via [pg] to host [localhost], database [tacops]
db	: query [SELECT * FROM participant_results;]
--- stopped [gen_xml_rankings] at [Fri May  9 17:42:39 2008] with return [0] ---
--- starting [gen_xml_rankings] at [17:47:37] ---
db	: attempting connect via [pg] to host [localhost], database [tacops]
db	: query [SELECT * FROM participant_results;]
--- stopped [gen_xml_rankings] at [Fri May  9 17:47:40 2008] with return [0] ---
--- starting [gen_xml_rankings] at [17:52:38] ---
db	: attempting connect via [pg] to host [localhost], database [tacops]
db	: query [SELECT * FROM participant_results;]
--- stopped [gen_xml_rankings] at [Fri May  9 17:52:42 2008] with return [0] ---
--- starting [gen_xml_rankings] at [17:57:39] ---
db	: attempting connect via [pg] to host [localhost], database [tacops]
db	: query [SELECT * FROM participant_results;]
--- stopped [gen_xml_rankings] at [Fri May  9 17:57:42 2008] with return [0] ---
--- starting [gen_xml_rankings] at [18:02:40] ---
db	: attempting connect via [pg] to host [localhost], database [tacops]
db	: query [SELECT * FROM participant_results;]
--- stopped [gen_xml_rankings] at [Fri May  9 18:02:43 2008] with return [0] ---
--- starting [gen_xml_rankings] at [18:07:41] ---
db	: attempting connect via [pg] to host [localhost], database [tacops]
db	: query [SELECT * FROM participant_results;]
--- stopped [gen_xml_rankings] at [Fri May  9 18:07:44 2008] with return [0] ---
--- starting [gen_xml_rankings] at [18:12:42] ---
db	: attempting connect via [pg] to host [localhost], database [tacops]
db	: query [SELECT * FROM participant_results;]
--- stopped [gen_xml_rankings] at [Fri May  9 18:12:45 2008] with return [0] ---
--- starting [gen_xml_rankings] at [18:17:43] ---
db	: attempting connect via [pg] to host [localhost], database [tacops]
db	: query [SELECT * FROM participant_results;]
--- stopped [gen_xml_rankings] at [Fri May  9 18:17:47 2008] with return [0] ---
--- starting [gen_xml_rankings] at [18:22:44] ---
db	: attempting connect via [pg] to host [localhost], database [tacops]
db	: query [SELECT * FROM participant_results;]
--- stopped [gen_xml_rankings] at [Fri May  9 18:22:49 2008] with return [0] ---
--- starting [gen_xml_rankings] at [18:27:45] ---
db	: attempting connect via [pg] to host [localhost], database [tacops]
db	: query [SELECT * FROM participant_results;]
--- stopped [gen_xml_rankings] at [Fri May  9 18:27:49 2008] with return [0] ---
--- starting [gen_xml_rankings] at [18:32:46] ---
db	: attempting connect via [pg] to host [localhost], database [tacops]
db	: query [SELECT * FROM participant_results;]
--- stopped [gen_xml_rankings] at [Fri May  9 18:32:50 2008] with return [0] ---
--- starting [gen_xml_rankings] at [18:37:47] ---
db	: attempting connect via [pg] to host [localhost], database [tacops]
db	: query [SELECT * FROM participant_results;]
--- stopped [gen_xml_rankings] at [Fri May  9 18:37:51 2008] with return [0] ---
--- starting [gen_xml_rankings] at [18:42:49] ---
db	: attempting connect via [pg] to host [localhost], database [tacops]
db	: query [SELECT * FROM participant_results;]
--- stopped [gen_xml_rankings] at [Fri May  9 18:42:53 2008] with return [0] ---
--- starting [gen_xml_rankings] at [18:47:51] ---
db	: attempting connect via [pg] to host [localhost], database [tacops]
db	: query [SELECT * FROM participant_results;]
--- stopped [gen_xml_rankings] at [Fri May  9 18:47:55 2008] with return [0] ---
--- starting [gen_xml_rankings] at [18:52:53] ---
db	: attempting connect via [pg] to host [localhost], database [tacops]
db	: query [SELECT * FROM participant_results;]
--- stopped [gen_xml_rankings] at [Fri May  9 18:52:57 2008] with return [0] ---
--- starting [gen_xml_rankings] at [18:58:54] ---
db	: attempting connect via [pg] to host [localhost], database [tacops]
db	: query [SELECT * FROM participant_results;]
--- stopped [gen_xml_rankings] at [Fri May  9 18:58:58 2008] with return [0] ---
--- starting [gen_xml_rankings] at [19:04:55] ---
db	: attempting connect via [pg] to host [localhost], database [tacops]
db	: query [SELECT * FROM participant_results;]
--- stopped [gen_xml_rankings] at [Fri May  9 19:04:59 2008] with return [0] ---
--- starting [gen_xml_rankings] at [19:10:56] ---
db	: attempting connect via [pg] to host [localhost], database [tacops]
db	: query [SELECT * FROM participant_results;]
--- stopped [gen_xml_rankings] at [Fri May  9 19:11:00 2008] with return [0] ---
--- starting [gen_xml_rankings] at [19:16:57] ---
db	: attempting connect via [pg] to host [localhost], database [tacops]
db	: query [SELECT * FROM participant_results;]
--- stopped [gen_xml_rankings] at [Fri May  9 19:17:00 2008] with return [0] ---
--- starting [gen_xml_rankings] at [19:22:58] ---
db	: attempting connect via [pg] to host [localhost], database [tacops]
db	: query [SELECT * FROM participant_results;]
--- stopped [gen_xml_rankings] at [Fri May  9 19:23:02 2008] with return [0] ---
--- starting [gen_xml_rankings] at [19:29:00] ---
db	: attempting connect via [pg] to host [localhost], database [tacops]
db	: query [SELECT * FROM participant_results;]
--- stopped [gen_xml_rankings] at [Fri May  9 19:29:03 2008] with return [0] ---
--- starting [gen_xml_rankings] at [19:29:41] ---
db	: attempting connect via [pg] to host [localhost], database [tacops]
db	: query [SELECT * FROM participant_results;]
--- stopped [gen_xml_rankings] at [Fri May  9 19:29:43 2008] with return [0] ---
--- starting [gen_xml_rankings] at [19:35:43] ---
db	: attempting connect via [pg] to host [localhost], database [tacops]
db	: query [SELECT * FROM participant_results;]
--- stopped [gen_xml_rankings] at [Fri May  9 19:35:45 2008] with return [0] ---
--- starting [gen_xml_rankings] at [19:41:44] ---
db	: attempting connect via [pg] to host [localhost], database [tacops]
db	: query [SELECT * FROM participant_results;]
--- stopped [gen_xml_rankings] at [Fri May  9 19:41:46 2008] with return [0] ---
--- starting [gen_xml_rankings] at [19:47:45] ---
db	: attempting connect via [pg] to host [localhost], database [tacops]
db	: query [SELECT * FROM participant_results;]
--- stopped [gen_xml_rankings] at [Fri May  9 19:47:47 2008] with return [0] ---
--- starting [gen_xml_rankings] at [19:53:46] ---
db	: attempting connect via [pg] to host [localhost], database [tacops]
db	: query [SELECT * FROM participant_results;]
--- stopped [gen_xml_rankings] at [Fri May  9 19:53:49 2008] with return [0] ---
--- starting [gen_xml_rankings] at [19:59:47] ---
db	: attempting connect via [pg] to host [localhost], database [tacops]
db	: query [SELECT * FROM participant_results;]
--- stopped [gen_xml_rankings] at [Fri May  9 19:59:49 2008] with return [0] ---
--- starting [gen_xml_rankings] at [20:05:49] ---
db	: attempting connect via [pg] to host [localhost], database [tacops]
db	: query [SELECT * FROM participant_results;]
--- stopped [gen_xml_rankings] at [Fri May  9 20:05:51 2008] with return [0] ---
--- starting [gen_xml_rankings] at [20:11:51] ---
db	: attempting connect via [pg] to host [localhost], database [tacops]
db	: query [SELECT * FROM participant_results;]
--- stopped [gen_xml_rankings] at [Fri May  9 20:11:53 2008] with return [0] ---
--- starting [gen_xml_rankings] at [20:17:52] ---
db	: attempting connect via [pg] to host [localhost], database [tacops]
db	: query [SELECT * FROM participant_results;]
--- stopped [gen_xml_rankings] at [Fri May  9 20:17:54 2008] with return [0] ---
--- starting [gen_xml_rankings] at [20:23:53] ---
db	: attempting connect via [pg] to host [localhost], database [tacops]
db	: query [SELECT * FROM participant_results;]
--- stopped [gen_xml_rankings] at [Fri May  9 20:23:55 2008] with return [0] ---
--- starting [gen_xml_rankings] at [20:29:54] ---
db	: attempting connect via [pg] to host [localhost], database [tacops]
db	: query [SELECT * FROM participant_results;]
--- stopped [gen_xml_rankings] at [Fri May  9 20:29:56 2008] with return [0] ---
--- starting [gen_xml_rankings] at [20:35:56] ---
db	: attempting connect via [pg] to host [localhost], database [tacops]
db	: query [SELECT * FROM participant_results;]
--- stopped [gen_xml_rankings] at [Fri May  9 20:35:57 2008] with return [0] ---
--- starting [gen_xml_rankings] at [20:41:58] ---
db	: attempting connect via [pg] to host [localhost], database [tacops]
db	: query [SELECT * FROM participant_results;]
--- stopped [gen_xml_rankings] at [Fri May  9 20:41:59 2008] with return [0] ---
--- starting [gen_xml_rankings] at [23:20:26] ---
db	: attempting connect via [pg] to host [localhost], database [tacops]
db	: query [SELECT * FROM participant_results;]
--- stopped [gen_xml_rankings] at [Fri May  9 23:20:28 2008] with return [0] ---
--- starting [gen_xml_rankings] at [23:20:32] ---
db	: attempting connect via [pg] to host [localhost], database [tacops]
db	: query [SELECT * FROM participant_results;]
--- stopped [gen_xml_rankings] at [Fri May  9 23:20:34 2008] with return [0] ---
--- starting [gen_xml_rankings] at [23:29:51] ---
db	: attempting connect via [pg] to host [localhost], database [tacops]
db	: query [SELECT * FROM participant_results;]
--- stopped [gen_xml_rankings] at [Fri May  9 23:29:53 2008] with return [0] ---
--- starting [gen_xml_rankings] at [09:36:24] ---
db	: attempting connect via [pg] to host [localhost], database [tacops]
db	: query [SELECT * FROM participant_results;]
--- stopped [gen_xml_rankings] at [Sat May 10 09:36:25 2008] with return [0] ---
--- starting [gen_xml_rankings] at [09:42:26] ---
db	: attempting connect via [pg] to host [localhost], database [tacops]
db	: query [SELECT * FROM participant_results;]
--- stopped [gen_xml_rankings] at [Sat May 10 09:42:30 2008] with return [0] ---
--- starting [gen_xml_rankings] at [09:48:28] ---
db	: attempting connect via [pg] to host [localhost], database [tacops]
db	: query [SELECT * FROM participant_results;]
--- stopped [gen_xml_rankings] at [Sat May 10 09:48:31 2008] with return [0] ---
--- starting [gen_xml_rankings] at [09:54:29] ---
db	: attempting connect via [pg] to host [localhost], database [tacops]
db	: query [SELECT * FROM participant_results;]
--- stopped [gen_xml_rankings] at [Sat May 10 09:54:32 2008] with return [0] ---
--- starting [gen_xml_rankings] at [10:00:30] ---
db	: attempting connect via [pg] to host [localhost], database [tacops]
db	: query [SELECT * FROM participant_results;]
--- stopped [gen_xml_rankings] at [Sat May 10 10:00:33 2008] with return [0] ---
--- starting [gen_xml_rankings] at [10:06:31] ---
db	: attempting connect via [pg] to host [localhost], database [tacops]
db	: query [SELECT * FROM participant_results;]
--- stopped [gen_xml_rankings] at [Sat May 10 10:06:34 2008] with return [0] ---
--- starting [gen_xml_rankings] at [10:12:32] ---
db	: attempting connect via [pg] to host [localhost], database [tacops]
db	: query [SELECT * FROM participant_results;]
--- stopped [gen_xml_rankings] at [Sat May 10 10:12:35 2008] with return [0] ---
--- starting [gen_xml_rankings] at [10:18:33] ---
db	: attempting connect via [pg] to host [localhost], database [tacops]
db	: query [SELECT * FROM participant_results;]
--- stopped [gen_xml_rankings] at [Sat May 10 10:18:37 2008] with return [0] ---
--- starting [gen_xml_rankings] at [10:24:34] ---
db	: attempting connect via [pg] to host [localhost], database [tacops]
db	: query [SELECT * FROM participant_results;]
--- stopped [gen_xml_rankings] at [Sat May 10 10:24:38 2008] with return [0] ---
--- starting [gen_xml_rankings] at [10:30:35] ---
db	: attempting connect via [pg] to host [localhost], database [tacops]
db	: query [SELECT * FROM participant_results;]
--- stopped [gen_xml_rankings] at [Sat May 10 10:30:39 2008] with return [0] ---
--- starting [gen_xml_rankings] at [10:36:37] ---
db	: attempting connect via [pg] to host [localhost], database [tacops]
db	: query [SELECT * FROM participant_results;]
--- stopped [gen_xml_rankings] at [Sat May 10 10:36:39 2008] with return [0] ---
--- starting [gen_xml_rankings] at [10:42:40] ---
db	: attempting connect via [pg] to host [localhost], database [tacops]
db	: query [SELECT * FROM participant_results;]
--- stopped [gen_xml_rankings] at [Sat May 10 10:42:42 2008] with return [0] ---
--- starting [gen_xml_rankings] at [10:48:42] ---
db	: attempting connect via [pg] to host [localhost], database [tacops]
db	: query [SELECT * FROM participant_results;]
--- stopped [gen_xml_rankings] at [Sat May 10 10:48:44 2008] with return [0] ---
--- starting [gen_xml_rankings] at [10:54:44] ---
db	: attempting connect via [pg] to host [localhost], database [tacops]
db	: query [SELECT * FROM participant_results;]
--- stopped [gen_xml_rankings] at [Sat May 10 10:54:45 2008] with return [0] ---
--- starting [gen_xml_rankings] at [11:00:46] ---
db	: attempting connect via [pg] to host [localhost], database [tacops]
db	: query [SELECT * FROM participant_results;]
--- stopped [gen_xml_rankings] at [Sat May 10 11:00:47 2008] with return [0] ---
--- starting [gen_xml_rankings] at [11:06:47] ---
db	: attempting connect via [pg] to host [localhost], database [tacops]
db	: query [SELECT * FROM participant_results;]
--- stopped [gen_xml_rankings] at [Sat May 10 11:06:48 2008] with return [0] ---
--- starting [gen_xml_rankings] at [11:12:49] ---
db	: attempting connect via [pg] to host [localhost], database [tacops]
db	: query [SELECT * FROM participant_results;]
--- stopped [gen_xml_rankings] at [Sat May 10 11:12:51 2008] with return [0] ---
--- starting [gen_xml_rankings] at [11:18:51] ---
db	: attempting connect via [pg] to host [localhost], database [tacops]
db	: query [SELECT * FROM participant_results;]
--- stopped [gen_xml_rankings] at [Sat May 10 11:18:52 2008] with return [0] ---
--- starting [gen_xml_rankings] at [11:24:52] ---
db	: attempting connect via [pg] to host [localhost], database [tacops]
db	: query [SELECT * FROM participant_results;]
--- stopped [gen_xml_rankings] at [Sat May 10 11:24:55 2008] with return [0] ---
--- starting [gen_xml_rankings] at [11:30:54] ---
db	: attempting connect via [pg] to host [localhost], database [tacops]
db	: query [SELECT * FROM participant_results;]
--- stopped [gen_xml_rankings] at [Sat May 10 11:30:56 2008] with return [0] ---
--- starting [gen_xml_rankings] at [11:36:55] ---
db	: attempting connect via [pg] to host [localhost], database [tacops]
db	: query [SELECT * FROM participant_results;]
--- stopped [gen_xml_rankings] at [Sat May 10 11:36:57 2008] with return [0] ---
--- starting [gen_xml_rankings] at [11:42:56] ---
db	: attempting connect via [pg] to host [localhost], database [tacops]
db	: query [SELECT * FROM participant_results;]
--- stopped [gen_xml_rankings] at [Sat May 10 11:43:00 2008] with return [0] ---
--- starting [gen_xml_rankings] at [11:48:57] ---
db	: attempting connect via [pg] to host [localhost], database [tacops]
db	: query [SELECT * FROM participant_results;]
--- stopped [gen_xml_rankings] at [Sat May 10 11:48:58 2008] with return [0] ---
--- starting [gen_xml_rankings] at [11:54:58] ---
db	: attempting connect via [pg] to host [localhost], database [tacops]
db	: query [SELECT * FROM participant_results;]
--- stopped [gen_xml_rankings] at [Sat May 10 11:55:00 2008] with return [0] ---
--- starting [gen_xml_rankings] at [12:01:00] ---
db	: attempting connect via [pg] to host [localhost], database [tacops]
db	: query [SELECT * FROM participant_results;]
--- stopped [gen_xml_rankings] at [Sat May 10 12:01:02 2008] with return [0] ---
--- starting [gen_xml_rankings] at [12:07:01] ---
db	: attempting connect via [pg] to host [localhost], database [tacops]
db	: query [SELECT * FROM participant_results;]
--- stopped [gen_xml_rankings] at [Sat May 10 12:07:03 2008] with return [0] ---
--- starting [gen_xml_rankings] at [12:13:02] ---
db	: attempting connect via [pg] to host [localhost], database [tacops]
db	: query [SELECT * FROM participant_results;]
--- stopped [gen_xml_rankings] at [Sat May 10 12:13:04 2008] with return [0] ---
--- starting [gen_xml_rankings] at [12:19:03] ---
db	: attempting connect via [pg] to host [localhost], database [tacops]
db	: query [SELECT * FROM participant_results;]
--- stopped [gen_xml_rankings] at [Sat May 10 12:19:04 2008] with return [0] ---
--- starting [gen_xml_rankings] at [12:25:05] ---
db	: attempting connect via [pg] to host [localhost], database [tacops]
db	: query [SELECT * FROM participant_results;]
--- stopped [gen_xml_rankings] at [Sat May 10 12:25:06 2008] with return [0] ---
--- starting [gen_xml_rankings] at [12:31:07] ---
db	: attempting connect via [pg] to host [localhost], database [tacops]
db	: query [SELECT * FROM participant_results;]
--- stopped [gen_xml_rankings] at [Sat May 10 12:31:09 2008] with return [0] ---
--- starting [gen_xml_rankings] at [12:37:09] ---
db	: attempting connect via [pg] to host [localhost], database [tacops]
db	: query [SELECT * FROM participant_results;]
--- stopped [gen_xml_rankings] at [Sat May 10 12:37:10 2008] with return [0] ---
--- starting [gen_xml_rankings] at [12:43:11] ---
db	: attempting connect via [pg] to host [localhost], database [tacops]
db	: query [SELECT * FROM participant_results;]
--- stopped [gen_xml_rankings] at [Sat May 10 12:43:13 2008] with return [0] ---
--- starting [gen_xml_rankings] at [12:49:13] ---
db	: attempting connect via [pg] to host [localhost], database [tacops]
db	: query [SELECT * FROM participant_results;]
--- stopped [gen_xml_rankings] at [Sat May 10 12:49:15 2008] with return [0] ---
--- starting [gen_xml_rankings] at [12:55:15] ---
db	: attempting connect via [pg] to host [localhost], database [tacops]
db	: query [SELECT * FROM participant_results;]
--- stopped [gen_xml_rankings] at [Sat May 10 12:55:17 2008] with return [0] ---
--- starting [gen_xml_rankings] at [13:01:16] ---
db	: attempting connect via [pg] to host [localhost], database [tacops]
db	: query [SELECT * FROM participant_results;]
--- stopped [gen_xml_rankings] at [Sat May 10 13:01:18 2008] with return [0] ---
--- starting [gen_xml_rankings] at [13:07:18] ---
db	: attempting connect via [pg] to host [localhost], database [tacops]
db	: query [SELECT * FROM participant_results;]
--- stopped [gen_xml_rankings] at [Sat May 10 13:07:21 2008] with return [0] ---
--- starting [gen_xml_rankings] at [13:13:19] ---
db	: attempting connect via [pg] to host [localhost], database [tacops]
db	: query [SELECT * FROM participant_results;]
--- stopped [gen_xml_rankings] at [Sat May 10 13:13:21 2008] with return [0] ---
--- starting [gen_xml_rankings] at [13:19:20] ---
db	: attempting connect via [pg] to host [localhost], database [tacops]
db	: query [SELECT * FROM participant_results;]
--- stopped [gen_xml_rankings] at [Sat May 10 13:19:22 2008] with return [0] ---
--- starting [gen_xml_rankings] at [13:25:21] ---
db	: attempting connect via [pg] to host [localhost], database [tacops]
db	: query [SELECT * FROM participant_results;]
--- stopped [gen_xml_rankings] at [Sat May 10 13:25:23 2008] with return [0] ---
--- starting [gen_xml_rankings] at [13:31:22] ---
db	: attempting connect via [pg] to host [localhost], database [tacops]
db	: query [SELECT * FROM participant_results;]
--- stopped [gen_xml_rankings] at [Sat May 10 13:31:24 2008] with return [0] ---
--- starting [gen_xml_rankings] at [13:37:24] ---
db	: attempting connect via [pg] to host [localhost], database [tacops]
db	: query [SELECT * FROM participant_results;]
--- stopped [gen_xml_rankings] at [Sat May 10 13:37:26 2008] with return [0] ---
--- starting [gen_xml_rankings] at [13:43:26] ---
db	: attempting connect via [pg] to host [localhost], database [tacops]
db	: query [SELECT * FROM participant_results;]
--- stopped [gen_xml_rankings] at [Sat May 10 13:43:29 2008] with return [0] ---
--- starting [gen_xml_rankings] at [13:49:27] ---
db	: attempting connect via [pg] to host [localhost], database [tacops]
db	: query [SELECT * FROM participant_results;]
--- stopped [gen_xml_rankings] at [Sat May 10 13:49:30 2008] with return [0] ---
--- starting [gen_xml_rankings] at [13:55:35] ---
db	: attempting connect via [pg] to host [localhost], database [tacops]
db	: query [SELECT * FROM participant_results;]
--- stopped [gen_xml_rankings] at [Sat May 10 13:55:37 2008] with return [0] ---
--- starting [gen_xml_rankings] at [14:01:36] ---
db	: attempting connect via [pg] to host [localhost], database [tacops]
db	: query [SELECT * FROM participant_results;]
--- stopped [gen_xml_rankings] at [Sat May 10 14:01:38 2008] with return [0] ---
--- starting [gen_xml_rankings] at [14:07:37] ---
db	: attempting connect via [pg] to host [localhost], database [tacops]
db	: query [SELECT * FROM participant_results;]
--- stopped [gen_xml_rankings] at [Sat May 10 14:07:39 2008] with return [0] ---
--- starting [gen_xml_rankings] at [14:21:46] ---
db	: attempting connect via [pg] to host [localhost], database [tacops]
db	: query [SELECT * FROM participant_results;]
--- stopped [gen_xml_rankings] at [Sat May 10 14:21:48 2008] with return [0] ---
--- starting [gen_xml_rankings] at [18:12:08] ---
db	: attempting connect via [pg] to host [localhost], database [tacops]
db	: query [SELECT * FROM participant_results;]
--- stopped [gen_xml_rankings] at [Sat May 10 18:12:10 2008] with return [0] ---
